<?xml version="1.0" encoding="UTF-8"?>
<!-- Generated by org.testng.reporters.JUnitReportReporter -->
<testsuite hostname="Ahmed" failures="0" tests="2" name="piit.AutomationTraningProgram.SignIn" time="15.365" errors="0" timestamp="2022-05-10T19:42:35 EDT" skipped="0">
  <testcase classname="piit.AutomationTraningProgram.SignIn" name="f" time="8.472"/>
  <system-out/>
  <testcase classname="piit.AutomationTraningProgram.SignIn" name="TestVerificationMethod" time="6.893"/>
  <system-out/>
</testsuite> <!-- piit.AutomationTraningProgram.SignIn -->
