<?xml version="1.0" encoding="UTF-8"?>
<!-- Generated by org.testng.reporters.JUnitReportReporter -->
<testsuite hostname="Ahmed" failures="0" tests="2" name="piit.AutomationTraningProgram.Eexecution" time="0.010" errors="0" timestamp="2022-04-26T22:33:43 EDT" skipped="0">
  <testcase classname="piit.AutomationTraningProgram.Eexecution" name="Test2" time="0.006"/>
  <system-out/>
  <testcase classname="piit.AutomationTraningProgram.Eexecution" name="f" time="0.004"/>
  <system-out/>
</testsuite> <!-- piit.AutomationTraningProgram.Eexecution -->
